4/19/2023 1:06:04 AM	This log contains information about the import schema operation into project 'Bunkering.Database' on computer 'BRANDONETECH' by user 'Damilare'.
4/19/2023 1:06:04 AM	Import of database schema has started.
4/19/2023 1:06:08 AM	Gathering database credentials
4/19/2023 1:06:08 AM	Gathering database options
4/19/2023 1:06:08 AM	Gathering users
4/19/2023 1:06:08 AM	Gathering roles
4/19/2023 1:06:08 AM	Gathering application roles
4/19/2023 1:06:08 AM	Gathering role memberships
4/19/2023 1:06:08 AM	Gathering filegroups
4/19/2023 1:06:08 AM	Gathering full-text catalogs
4/19/2023 1:06:08 AM	Gathering assemblies
4/19/2023 1:06:08 AM	Gathering certificates
4/19/2023 1:06:08 AM	Gathering asymmetric keys
4/19/2023 1:06:08 AM	Gathering symmetric keys
4/19/2023 1:06:08 AM	Gathering encrypted symmetric keys
4/19/2023 1:06:08 AM	Gathering schemas
4/19/2023 1:06:08 AM	Gathering XML schema collections
4/19/2023 1:06:08 AM	Gathering user-defined data types
4/19/2023 1:06:08 AM	Gathering user-defined types
4/19/2023 1:06:08 AM	Gathering table types
4/19/2023 1:06:08 AM	Gathering unique keys for table types
4/19/2023 1:06:08 AM	Gathering primary keys for table types
4/19/2023 1:06:08 AM	Gathering indexes for table types
4/19/2023 1:06:08 AM	Gathering check constraints for table types
4/19/2023 1:06:08 AM	Gathering default constraints for table types
4/19/2023 1:06:08 AM	Gathering partition functions
4/19/2023 1:06:08 AM	Gathering partition schemes
4/19/2023 1:06:08 AM	Gathering functions
4/19/2023 1:06:08 AM	Gathering encrypted functions
4/19/2023 1:06:08 AM	Gathering aggregates
4/19/2023 1:06:08 AM	Gathering procedures
4/19/2023 1:06:08 AM	Gathering encrypted procedures
4/19/2023 1:06:08 AM	Gathering tables
4/19/2023 1:06:08 AM	Gathering primary keys
4/19/2023 1:06:08 AM	Gathering unique constraints
4/19/2023 1:06:08 AM	Gathering foreign keys
4/19/2023 1:06:08 AM	Gathering default constraints
4/19/2023 1:06:08 AM	Gathering check constraints
4/19/2023 1:06:08 AM	Gathering views
4/19/2023 1:06:08 AM	Gathering encrypted views
4/19/2023 1:06:08 AM	Gathering indexes
4/19/2023 1:06:08 AM	Gathering statistics
4/19/2023 1:06:08 AM	Gathering full-text index stoplists
4/19/2023 1:06:08 AM	Gathering search property lists
4/19/2023 1:06:08 AM	Gathering search properties
4/19/2023 1:06:08 AM	Gathering full-text indexes
4/19/2023 1:06:08 AM	Gathering column store indexes
4/19/2023 1:06:08 AM	Gathering spatial indexes
4/19/2023 1:06:08 AM	Gathering XML indexes
4/19/2023 1:06:08 AM	Gathering Selective XML indexes
4/19/2023 1:06:08 AM	Gathering encrypted triggers
4/19/2023 1:06:08 AM	Gathering triggers
4/19/2023 1:06:08 AM	Gathering encrypted and clr ddl triggers
4/19/2023 1:06:08 AM	Gathering ddl triggers
4/19/2023 1:06:08 AM	Gathering synonyms
4/19/2023 1:06:08 AM	Gathering defaults
4/19/2023 1:06:08 AM	Gathering data constraint uddt bindings
4/19/2023 1:06:08 AM	Gathering rules
4/19/2023 1:06:08 AM	Gathering data constraint uddt bindings
4/19/2023 1:06:08 AM	Gathering message types
4/19/2023 1:06:08 AM	Gathering queues
4/19/2023 1:06:08 AM	Gathering contracts
4/19/2023 1:06:08 AM	Gathering services
4/19/2023 1:06:08 AM	Gathering event notifications
4/19/2023 1:06:08 AM	Gathering remote service bindings
4/19/2023 1:06:08 AM	Gathering broker priorities
4/19/2023 1:06:08 AM	Gathering signatures
4/19/2023 1:06:08 AM	Gathering compression options
4/19/2023 1:06:08 AM	Gathering sequence types
4/19/2023 1:06:08 AM	Gathering security policies
4/19/2023 1:06:08 AM	Gather column encryption keys
4/19/2023 1:06:08 AM	Gathering column master keys
4/19/2023 1:06:08 AM	Gathering external data sources
4/19/2023 1:06:08 AM	Gathering external file formats
4/19/2023 1:06:08 AM	Gathering external tables
4/19/2023 1:06:08 AM	Gathering extended properties
4/19/2023 1:06:08 AM	Gathering credentials
4/19/2023 1:06:08 AM	Gathering logins
4/19/2023 1:06:08 AM	Gathering server audits
4/19/2023 1:06:09 AM	Scanning project for duplicate elements
4/19/2023 1:06:09 AM	Finished duplicate element processing
4/19/2023 1:06:14 AM	Finished importing database.
4/19/2023 1:06:14 AM	A summary of the import was saved to the following location: D:\Documents\Projects\Repo\Bunkering\Bunkering.Database\Import Schema Logs\Bunkering.Database_20230419120604.log
4/19/2023 1:06:14 AM	Click Finish to continue...
